10:51:33.627 ARDOPC Version 1.0.4.1q-OFDMBPQ
10:51:33.646 Capture Devices
10:51:35.048 0 Digital Audio Interface (8- Tee
10:51:35.196 1 Stereo Mix (Realtek High Defini
10:51:35.457 2 CABLE Output (VB-Audio Virtual 
10:51:35.458 Playback Devices
10:51:35.711 0 Digital Audio Interface (8- Tee
10:51:35.847 1 CABLE Input (VB-Audio Virtual C
10:51:35.917 2 Speakers (Realtek High Definiti
10:51:36.021 3 Realtek Digital Output (Realtek
10:51:36.053 Opened WaveOut Device Speakers (Realtek High Definiti
10:51:36.069 Opened WaveIn Device Stereo Mix (Realtek High Defini
10:51:36.083 ARDOPC listening on port 8520
10:51:36.137 Input peaks = -31431, 11999
10:51:46.183 Input peaks = -4, 3
10:53:14.136 ARDOPC Version 1.0.4.1q-OFDMBPQ
10:53:14.137 Capture Devices
10:53:14.417 0 Digital Audio Interface (8- Tee
10:53:14.447 1 Stereo Mix (Realtek High Defini
10:53:14.459 2 CABLE Output (VB-Audio Virtual 
10:53:14.461 Playback Devices
10:53:14.515 0 Digital Audio Interface (8- Tee
10:53:14.557 1 CABLE Input (VB-Audio Virtual C
10:53:14.608 2 Speakers (Realtek High Definiti
10:53:14.641 3 Realtek Digital Output (Realtek
10:53:14.672 Opened WaveOut Device Microsoft Sound Mapper
10:53:14.682 Opened WaveIn Device Microsoft Sound Mapper
10:53:14.692 ARDOPC listening on port 8520
10:53:14.711 Input peaks = -32768, 0
10:53:24.746 Input peaks = -31049, 0
10:54:00.270 ARDOPC Version 1.0.4.1q-OFDMBPQ
10:54:00.270 Capture Devices
10:54:00.668 0 Digital Audio Interface (8- Tee
10:54:00.688 1 Stereo Mix (Realtek High Defini
10:54:00.697 2 CABLE Output (VB-Audio Virtual 
10:54:00.697 Playback Devices
10:54:00.734 0 Digital Audio Interface (8- Tee
10:54:00.759 1 CABLE Input (VB-Audio Virtual C
10:54:00.802 2 Speakers (Realtek High Definiti
10:54:00.838 3 Realtek Digital Output (Realtek
10:54:00.858 Opened WaveOut Device Digital Audio Interface (8- Tee
10:54:00.865 Opened WaveIn Device Digital Audio Interface (8- Tee
10:54:00.886 ARDOPC listening on port 8520
10:54:00.894 Input peaks = -30998, 0
10:54:10.927 Input peaks = -31047, 0
10:54:20.971 Input peaks = -31050, 0
11:06:00.410 ARDOPC Version 1.0.4.1q-OFDMBPQ
11:06:00.410 Capture Devices
11:06:00.752 0 Digital Audio Interface (8- Tee
11:06:00.767 1 Stereo Mix (Realtek High Defini
11:06:00.779 2 CABLE Output (VB-Audio Virtual 
11:06:00.779 Playback Devices
11:06:00.818 0 Digital Audio Interface (8- Tee
11:06:00.858 1 CABLE Input (VB-Audio Virtual C
11:06:00.896 2 Speakers (Realtek High Definiti
11:06:00.929 3 Realtek Digital Output (Realtek
11:06:00.946 Opened WaveOut Device Digital Audio Interface (8- Tee
11:06:00.955 Opened WaveIn Device Digital Audio Interface (8- Tee
11:06:00.972 ARDOPC listening on port 8520
11:06:00.988 Input peaks = -31010, 0
11:06:11.044 Input peaks = -31058, 0
