07:04:03.340 ardopc Version 2.0.3.1
07:04:03.341 Capture Devices
07:04:03.624 0 Microphone (2- USB PnP Sound De
07:04:03.633 1 CABLE-D Output (VB-Audio Cable 
07:04:03.642 2 CABLE-A Output (VB-Audio Cable 
07:04:03.656 3 Stereo Mix (Realtek High Defini
07:04:03.664 4 CABLE-C Output (VB-Audio Cable 
07:04:03.672 5 CABLE-B Output (VB-Audio Cable 
07:04:03.680 6 CABLE Output (VB-Audio Virtual 
07:04:03.680 Playback Devices
07:04:03.710 0 Speakers (Realtek High Definiti
07:04:03.728 1 CABLE-B Input (VB-Audio Cable B
07:04:03.746 2 CABLE Input (VB-Audio Virtual C
07:04:03.763 3 CABLE-A Input (VB-Audio Cable A
07:04:03.781 4 CABLE-C Input (VB-Audio Cable C
07:04:03.799 5 Speakers (2- USB PnP Sound Devi
07:04:03.819 6 CABLE-D Input (VB-Audio Cable D
07:04:03.833 Opened WaveOut Device Speakers (Realtek High Definiti
07:04:03.841 Opened WaveIn Device Stereo Mix (Realtek High Defini
07:04:03.875 ardopc listening on port 8515
07:04:03.893 Input peaks = -4, 2
