14:18:31.373 ardopc Version 2.0.3.1
14:18:31.374 Capture Devices
14:18:31.649 0 Stereo Mix (Realtek High Defini
14:18:31.670 1 CABLE-D Output (VB-Audio Cable 
14:18:31.686 2 CABLE-A Output (VB-Audio Cable 
14:18:31.707 3 CABLE-C Output (VB-Audio Cable 
14:18:31.729 4 CABLE-B Output (VB-Audio Cable 
14:18:31.750 5 CABLE Output (VB-Audio Virtual 
14:18:31.750 Playback Devices
14:18:31.781 0 Speakers (Realtek High Definiti
14:18:31.797 1 CABLE-B Input (VB-Audio Cable B
14:18:31.812 2 CABLE Input (VB-Audio Virtual C
14:18:31.830 3 CABLE-A Input (VB-Audio Cable A
14:18:31.845 4 CABLE-C Input (VB-Audio Cable C
14:18:31.862 5 CABLE-D Input (VB-Audio Cable D
14:18:31.878 Opened WaveOut Device Speakers (Realtek High Definiti
14:18:31.888 Opened WaveIn Device Stereo Mix (Realtek High Defini
14:18:31.912 ardopc listening on port 8515
14:18:31.924 Input peaks = -4962, 3991
18:28:36.109 ardopc Version 2.0.3.1
18:28:36.111 Capture Devices
18:28:36.315 0 Microphone (2- USB PnP Sound De
18:28:36.324 1 CABLE-D Output (VB-Audio Cable 
18:28:36.332 2 CABLE-A Output (VB-Audio Cable 
18:28:36.346 3 Stereo Mix (Realtek High Defini
18:28:36.353 4 CABLE-C Output (VB-Audio Cable 
18:28:36.360 5 CABLE-B Output (VB-Audio Cable 
18:28:36.366 6 CABLE Output (VB-Audio Virtual 
18:28:36.366 Playback Devices
18:28:36.393 0 Speakers (Realtek High Definiti
18:28:36.411 1 CABLE-B Input (VB-Audio Cable B
18:28:36.429 2 CABLE Input (VB-Audio Virtual C
18:28:36.447 3 CABLE-A Input (VB-Audio Cable A
18:28:36.465 4 CABLE-C Input (VB-Audio Cable C
18:28:36.484 5 Speakers (2- USB PnP Sound Devi
18:28:36.504 6 CABLE-D Input (VB-Audio Cable D
18:28:36.520 Opened WaveOut Device Speakers (Realtek High Definiti
18:28:36.526 Opened WaveIn Device Microphone (2- USB PnP Sound De
18:28:36.531 ardopc listening on port 8515
18:28:36.575 Input peaks = 0, 1069
18:28:46.641 Input peaks = -12, 11
18:29:43.746 ardopc Version 2.0.3.1
18:29:43.747 Capture Devices
18:29:43.924 0 Microphone (2- USB PnP Sound De
18:29:43.933 1 CABLE-D Output (VB-Audio Cable 
18:29:43.942 2 CABLE-A Output (VB-Audio Cable 
18:29:43.956 3 Stereo Mix (Realtek High Defini
18:29:43.963 4 CABLE-C Output (VB-Audio Cable 
18:29:43.970 5 CABLE-B Output (VB-Audio Cable 
18:29:43.977 6 CABLE Output (VB-Audio Virtual 
18:29:43.977 Playback Devices
18:29:44.008 0 Speakers (Realtek High Definiti
18:29:44.025 1 CABLE-B Input (VB-Audio Cable B
18:29:44.043 2 CABLE Input (VB-Audio Virtual C
18:29:44.061 3 CABLE-A Input (VB-Audio Cable A
18:29:44.080 4 CABLE-C Input (VB-Audio Cable C
18:29:44.102 5 Speakers (2- USB PnP Sound Devi
18:29:44.121 6 CABLE-D Input (VB-Audio Cable D
18:29:44.138 Opened WaveOut Device Speakers (Realtek High Definiti
18:29:44.146 Opened WaveIn Device Stereo Mix (Realtek High Defini
18:29:44.159 ardopc listening on port 8515
18:29:44.183 Input peaks = -2632, 2287
18:29:54.248 Input peaks = -3360, 2816
18:30:04.288 Input peaks = -16782, 17881
18:30:13.541 Prior-Offset= -0.269160
18:30:13.652 EnvelopeCorrelator CorMax:MaxProd= 59.666522  J= 117
18:30:13.652 [Acquire2ToneLeaderSymbolFraming] intIatMinError= 0
18:30:13.946 Frame Decode type 30 30 3 Dist 0.02 0.05 0.40 Sess ff pend 0 conn 0 lastsess 0
18:30:13.946 [Frame Type Decode OK  ] Ldr; S:N(3KHz) Early= -6.503936 dB, Full -10.005001 dB, Offset= 15.293293 Hz:  MD Decode;2 ID=HFF, Type=H30:IDFrame, D1= 0.02, D2= 0.05
18:30:13.946 New frame type - MEMARQ flags reset
18:30:13.947 MEMARQ Flags 0 0 0 0 0 0 0 0
18:30:14.363 Input peaks = -15664, 15504
18:30:15.145 Qual = 95
18:30:15.146 DecodeFrame MEMARQ Flags 0 0 0 0 0 0 0 0
18:30:15.147 9d 88 b0 c4 00 12 a6 f5 98 da c0 00  14 61 67 dc 
18:30:15.151 ID Frame Corrected by RS
18:30:15.151 [DecodeFrame] Frame: IDFrame Decode PASS,   Constellation Quality= 95
18:30:15.152 Time since received = 5
18:30:15.397 [AddTagToDataAndSendToHost] bytes=20 Tag IDF
18:30:24.413 Input peaks = -16403, 18893
18:30:34.495 Input peaks = -16063, 21415
18:30:40.169 Prior-Offset= 0.813549
18:30:40.280 EnvelopeCorrelator CorMax:MaxProd= 62.024924  J= 165
18:30:40.283 [Acquire2ToneLeaderSymbolFraming] intIatMinError= 0
18:30:40.574 Frame Decode type 30 30 e7 Dist 0.01 0.00 0.40 Sess ff pend 0 conn 0 lastsess 0
18:30:40.575 [Frame Type Decode OK  ] Ldr; S:N(3KHz) Early= -6.152920 dB, Full -10.566724 dB, Offset= 14.551131 Hz:  MD Decode;2 ID=HFF, Type=H30:IDFrame, D1= 0.01, D2= 0.00
18:30:40.576 MEMARQ Flags 0 0 0 0 0 0 0 0
18:30:41.774 Qual = 98
18:30:41.778 DecodeFrame MEMARQ Flags 0 0 0 0 0 0 0 0
18:30:41.778 9d 88 b0 c4 00 12 a6 f5 98 da c0 00  14 61 67 dc 
18:30:41.779 ID Frame Corrected by RS
18:30:41.779 [DecodeFrame] Frame: IDFrame Decode PASS,   Constellation Quality= 98
18:30:41.779 Time since received = 5
18:30:42.026 [AddTagToDataAndSendToHost] bytes=20 Tag IDF
18:30:44.581 Input peaks = -14715, 14796
18:30:54.665 Input peaks = -14476, 15281
18:31:01.469 Prior-Offset= -2.355827
18:31:01.559 EnvelopeCorrelator CorMax:MaxProd= 61.757795  J= 117
18:31:01.560 [Acquire2ToneLeaderSymbolFraming] intIatMinError= 1
18:31:01.769 Frame Decode type ea ee 55 Dist 0.43 0.58 0.51 Sess ff pend 0 conn 0 lastsess 0
18:31:01.773 [Frame Type Decode Fail] Ldr; S:N(3KHz) Early= -11.600427 dB, Full -12.513217 dB, Offset= -67.040779 Hz:  MD Decode;5 Type1=HEA, Type2=HEE, D1= 0.43, D2= 0.58
18:31:01.775 poor frame type decode
18:31:04.698 Input peaks = -14520, 17642
18:31:09.267 Prior-Offset= 0.503889
18:31:09.364 EnvelopeCorrelator CorMax:MaxProd= 60.236800  J= 146
18:31:09.365 [Acquire2ToneLeaderSymbolFraming] intIatMinError= 0
18:31:09.660 Frame Decode type 30 30 c0 Dist 0.01 0.00 0.40 Sess ff pend 0 conn 0 lastsess 0
18:31:09.663 [Frame Type Decode OK  ] Ldr; S:N(3KHz) Early= -2.401323 dB, Full 8.872128 dB, Offset= 14.828179 Hz:  MD Decode;2 ID=HFF, Type=H30:IDFrame, D1= 0.01, D2= 0.00
18:31:09.663 MEMARQ Flags 0 0 0 0 0 0 0 0
18:31:10.862 Qual = 99
18:31:10.863 DecodeFrame MEMARQ Flags 0 0 0 0 0 0 0 0
18:31:10.864 9d 88 b0 c4 00 12 a6 f5 98 da c0 00  14 61 67 dc 
18:31:10.864 ID Frame Corrected by RS
18:31:10.865 [DecodeFrame] Frame: IDFrame Decode PASS,   Constellation Quality= 99
18:31:10.866 Time since received = 4
18:31:11.112 [AddTagToDataAndSendToHost] bytes=20 Tag IDF
18:31:14.755 Input peaks = -14861, 16026
18:31:24.812 Input peaks = -15668, 19123
18:31:34.875 Input peaks = -15536, 15239
18:31:44.905 Input peaks = -16068, 16024
18:31:50.195 Prior-Offset= 0.965950
18:31:50.296 EnvelopeCorrelator CorMax:MaxProd= 67.207538  J= 222
18:31:50.297 [Acquire2ToneLeaderSymbolFraming] intIatMinError= 1
18:31:50.892 Frame Decode type f4 a f5 Dist 0.46 0.48 0.48 Sess ff pend 0 conn 0 lastsess 0
18:31:50.898 [Frame Type Decode Fail] Ldr; S:N(3KHz) Early= -8.345947 dB, Full -14.925681 dB, Offset= 39.081451 Hz:  MD Decode;5 Type1=HF4, Type2=HA, D1= 0.46, D2= 0.48
18:31:50.899 poor frame type decode
18:31:54.953 Input peaks = -14365, 15871
20:09:34.508 ardopc Version 2.0.3.1
20:09:34.509 Capture Devices
20:09:34.702 0 Microphone (2- USB PnP Sound De
20:09:34.711 1 CABLE-D Output (VB-Audio Cable 
20:09:34.720 2 CABLE-A Output (VB-Audio Cable 
20:09:34.735 3 Stereo Mix (Realtek High Defini
20:09:34.743 4 CABLE-C Output (VB-Audio Cable 
20:09:34.752 5 CABLE-B Output (VB-Audio Cable 
20:09:34.760 6 CABLE Output (VB-Audio Virtual 
20:09:34.760 Playback Devices
20:09:34.789 0 Speakers (Realtek High Definiti
20:09:34.807 1 CABLE-B Input (VB-Audio Cable B
20:09:34.826 2 CABLE Input (VB-Audio Virtual C
20:09:34.845 3 CABLE-A Input (VB-Audio Cable A
20:09:34.864 4 CABLE-C Input (VB-Audio Cable C
20:09:34.884 5 Speakers (2- USB PnP Sound Devi
20:09:34.904 6 CABLE-D Input (VB-Audio Cable D
20:09:34.918 Opened WaveOut Device Speakers (Realtek High Definiti
20:09:34.927 Opened WaveIn Device Stereo Mix (Realtek High Defini
20:09:34.944 ardopc listening on port 8515
20:09:34.953 Input peaks = -12669, 11238
20:09:45.016 Input peaks = -7029, 7652
20:09:55.074 Input peaks = -7193, 7752
20:10:05.160 Input peaks = -7382, 8493
20:10:15.180 Input peaks = -7286, 7823
20:10:25.235 Input peaks = -7166, 6970
20:10:35.300 Input peaks = -7470, 7823
20:10:42.055 Prior-Offset= 2.460544
20:10:42.155 EnvelopeCorrelator CorMax:MaxProd= 62.579737  J= 26
20:10:42.156 [Acquire2ToneLeaderSymbolFraming] intIatMinError= 1
20:10:42.352 Frame Decode type fc 45 fb Dist 0.53 0.50 0.54 Sess ff pend 0 conn 0 lastsess 0
20:10:42.353 [Frame Type Decode Fail] Ldr; S:N(3KHz) Early= -14.373777 dB, Full -14.044437 dB, Offset= -15.287685 Hz:  MD Decode;5 Type1=HFC, Type2=H45, D1= 0.53, D2= 0.50
20:10:42.354 poor frame type decode
20:10:45.321 Input peaks = -7061, 6630
20:10:55.396 Input peaks = -7406, 6820
20:11:05.456 Input peaks = -7687, 6765
20:11:12.281 Prior-Offset= -2.825523
20:11:12.381 EnvelopeCorrelator CorMax:MaxProd= 63.186285  J= 0
20:11:12.382 [Acquire2ToneLeaderSymbolFraming] intIatMinError= 1
20:11:12.580 Frame Decode type 5 41 ee Dist 0.40 0.52 0.56 Sess ff pend 0 conn 0 lastsess 0
20:11:12.581 [Frame Type Decode Fail] Ldr; S:N(3KHz) Early= -11.214957 dB, Full -14.874413 dB, Offset= -61.963394 Hz:  MD Decode;5 Type1=H5, Type2=H41, D1= 0.40, D2= 0.52
20:11:12.581 poor frame type decode
20:11:15.498 Input peaks = -8336, 6732
20:11:17.356 Prior-Offset= -0.709454
20:11:17.454 EnvelopeCorrelator CorMax:MaxProd= 57.226397  J= 207
20:11:17.455 [Acquire2ToneLeaderSymbolFraming] intIatMinError= 0
20:11:17.661 Frame Decode type 46 7 f8 Dist 0.50 0.47 0.47 Sess ff pend 0 conn 0 lastsess 0
20:11:17.665 [Frame Type Decode Fail] Ldr; S:N(3KHz) Early= -14.295946 dB, Full -13.143557 dB, Offset= -37.194923 Hz:  MD Decode;5 Type1=H46, Type2=H7, D1= 0.50, D2= 0.47
20:11:17.667 poor frame type decode
20:11:25.598 Input peaks = -8134, 6703
20:11:35.659 Input peaks = -7277, 7270
20:11:45.744 Input peaks = -7256, 6750
20:11:55.819 Input peaks = -8602, 7871
20:12:05.858 Input peaks = -7966, 7847
20:12:15.916 Input peaks = -6587, 7137
20:12:25.960 Input peaks = -7338, 8992
20:12:36.021 Input peaks = -7366, 7997
20:12:46.085 Input peaks = -7396, 6759
20:12:56.182 Input peaks = -4548, 4304
20:13:06.236 Input peaks = -7751, 7229
20:13:16.283 Input peaks = -7163, 7006
20:13:18.499 Prior-Offset= -2.760490
20:13:18.600 EnvelopeCorrelator CorMax:MaxProd= 55.575102  J= 358
20:13:18.601 [Acquire2ToneLeaderSymbolFraming] intIatMinError= 2
20:13:18.897 Frame Decode type 1b e1 1e Dist 0.44 0.42 0.42 Sess ff pend 0 conn 0 lastsess 0
20:13:18.899 [Frame Type Decode Fail] Ldr; S:N(3KHz) Early= -12.323419 dB, Full -11.473104 dB, Offset= -70.557304 Hz:  MD Decode;5 Type1=H1B, Type2=HE1, D1= 0.44, D2= 0.42
20:13:18.900 poor frame type decode
20:13:26.383 Input peaks = -7044, 7676
20:13:36.460 Input peaks = -6703, 7758
20:13:44.987 Prior-Offset= -2.770000
20:13:45.085 EnvelopeCorrelator CorMax:MaxProd= 61.486011  J= 175
20:13:45.086 [Acquire2ToneLeaderSymbolFraming] intIatMinError= -1
20:13:45.282 Frame Decode type 6 74 4b Dist 0.56 0.43 0.49 Sess ff pend 0 conn 0 lastsess 0
20:13:45.283 [Frame Type Decode Fail] Ldr; S:N(3KHz) Early= -12.252694 dB, Full -15.732548 dB, Offset= 58.830078 Hz:  MD Decode;5 Type1=H6, Type2=H74, D1= 0.56, D2= 0.43
20:13:45.284 poor frame type decode
20:13:46.521 Input peaks = -6745, 7685
20:13:56.587 Input peaks = -7480, 6487
20:14:06.642 Input peaks = -6763, 7461
20:14:16.703 Input peaks = -6860, 9182
20:14:26.761 Input peaks = -6852, 8113
20:14:36.845 Input peaks = -8873, 7665
20:14:45.148 Prior-Offset= -1.165874
20:14:45.248 EnvelopeCorrelator CorMax:MaxProd= 61.562504  J= 140
20:14:45.249 [Acquire2ToneLeaderSymbolFraming] intIatMinError= 2
20:14:45.443 Frame Decode type d 40 3d Dist 0.55 0.57 0.46 Sess ff pend 0 conn 0 lastsess 0
20:14:45.445 [Frame Type Decode Fail] Ldr; S:N(3KHz) Early= -7.565068 dB, Full -15.560593 dB, Offset= -58.784153 Hz:  MD Decode;5 Type1=HD, Type2=H40, D1= 0.55, D2= 0.57
20:14:45.446 poor frame type decode
20:14:46.907 Input peaks = -6585, 8125
20:14:56.962 Input peaks = -8289, 7463
20:15:04.904 Prior-Offset= 1.318010
20:15:05.003 EnvelopeCorrelator CorMax:MaxProd= 62.196575  J= 103
20:15:05.004 [Acquire2ToneLeaderSymbolFraming] intIatMinError= 0
20:15:05.307 Frame Decode type 30 30 c Dist 0.01 0.00 0.40 Sess ff pend 0 conn 0 lastsess 0
20:15:05.308 [Frame Type Decode OK  ] Ldr; S:N(3KHz) Early= -5.030554 dB, Full -9.980021 dB, Offset= 23.147617 Hz:  MD Decode;2 ID=HFF, Type=H30:IDFrame, D1= 0.01, D2= 0.00
20:15:05.309 New frame type - MEMARQ flags reset
20:15:05.309 MEMARQ Flags 0 0 0 0 0 0 0 0
20:15:06.611 Qual = 98
20:15:06.614 DecodeFrame MEMARQ Flags 0 0 0 0 0 0 0 0
20:15:06.621 9d 88 b0 c4 00 12 a6 f5 98 da c0 00  14 61 67 df 
20:15:06.624 ID Frame Corrected by RS
20:15:06.626 [DecodeFrame] Frame: IDFrame Decode PASS,   Constellation Quality= 98
20:15:06.628 Time since received = 15
20:15:06.865 [AddTagToDataAndSendToHost] bytes=20 Tag IDF
20:15:07.019 Input peaks = -4189, 4080
20:15:17.066 Input peaks = -8132, 6581
20:15:27.145 Input peaks = -7321, 7250
20:15:37.206 Input peaks = -7315, 7577
20:15:47.268 Input peaks = -7215, 7327
20:15:57.340 Input peaks = -8047, 7277
20:16:07.386 Input peaks = -7310, 7771
20:16:17.458 Input peaks = -7118, 7320
20:16:27.506 Input peaks = -8584, 7867
20:16:37.566 Input peaks = -7057, 6972
20:16:47.624 Input peaks = -7014, 7261
20:16:57.701 Input peaks = -8947, 7489
20:17:07.765 Input peaks = -6701, 7894
20:17:17.846 Input peaks = -7208, 7450
20:17:27.909 Input peaks = -6818, 7505
20:17:37.983 Input peaks = -7214, 6820
20:17:48.063 Input peaks = -8056, 7038
20:17:58.109 Input peaks = -7215, 7265
20:18:08.181 Input peaks = -7886, 8079
20:18:18.225 Input peaks = -7263, 7894
20:18:28.290 Input peaks = -7058, 8332
20:18:38.329 Input peaks = -7196, 7199
20:18:45.167 Prior-Offset= -2.566479
20:18:45.267 EnvelopeCorrelator CorMax:MaxProd= 66.185092  J= 93
20:18:45.268 [Acquire2ToneLeaderSymbolFraming] intIatMinError= 2
20:18:45.463 Frame Decode type 29 7c 73 Dist 0.55 0.65 0.61 Sess ff pend 0 conn 0 lastsess 0
20:18:45.464 [Frame Type Decode Fail] Ldr; S:N(3KHz) Early= -15.423178 dB, Full -13.327885 dB, Offset= -35.517128 Hz:  MD Decode;5 Type1=H29, Type2=H7C, D1= 0.55, D2= 0.65
20:18:45.465 poor frame type decode
20:18:48.389 Input peaks = -7018, 7450
20:18:58.427 Input peaks = -7978, 7412
20:19:08.491 Input peaks = -6820, 6933
20:19:18.531 Input peaks = -8290, 7552
20:19:28.587 Input peaks = -8042, 7163
20:19:38.613 Input peaks = -7935, 6942
20:19:40.392 Prior-Offset= 1.225815
20:19:40.497 EnvelopeCorrelator CorMax:MaxProd= 56.182112  J= 61
20:19:40.501 [Acquire2ToneLeaderSymbolFraming] intIatMinError= 0
20:19:41.090 Frame Decode type 2d 19 e6 Dist 0.51 0.48 0.48 Sess ff pend 0 conn 0 lastsess 0
20:19:41.091 [Frame Type Decode Fail] Ldr; S:N(3KHz) Early= -6.086481 dB, Full -14.226360 dB, Offset= 60.295815 Hz:  MD Decode;5 Type1=H2D, Type2=H19, D1= 0.51, D2= 0.48
20:19:41.092 poor frame type decode
20:19:48.633 Input peaks = -8147, 7023
20:19:50.688 Prior-Offset= -0.570711
20:19:50.786 EnvelopeCorrelator CorMax:MaxProd= 52.884017  J= 359
20:19:50.787 [Acquire2ToneLeaderSymbolFraming] intIatMinError= 1
20:19:51.385 Frame Decode type 65 38 e Dist 0.56 0.55 0.60 Sess ff pend 0 conn 0 lastsess 0
20:19:51.389 [Frame Type Decode Fail] Ldr; S:N(3KHz) Early= -15.005701 dB, Full -15.380327 dB, Offset= -10.491990 Hz:  MD Decode;5 Type1=H65, Type2=H38, D1= 0.56, D2= 0.55
20:19:51.389 poor frame type decode
20:19:58.465 Prior-Offset= -0.578789
20:19:58.575 EnvelopeCorrelator CorMax:MaxProd= 59.674211  J= 1
20:19:58.576 [Acquire2ToneLeaderSymbolFraming] intIatMinError= -2
20:19:58.694 Input peaks = -6670, 7092
20:19:58.769 Frame Decode type 61 e6 19 Dist 0.48 0.54 0.54 Sess ff pend 0 conn 0 lastsess 0
20:19:58.770 [Frame Type Decode Fail] Ldr; S:N(3KHz) Early= -11.434632 dB, Full -14.596326 dB, Offset= -87.945442 Hz:  MD Decode;5 Type1=H61, Type2=HE6, D1= 0.48, D2= 0.54
20:19:58.771 poor frame type decode
20:20:08.769 Input peaks = -7401, 8041
20:20:18.813 Input peaks = -7103, 7271
20:20:28.869 Input peaks = -7541, 7078
20:20:30.614 Prior-Offset= 1.044643
20:20:30.713 EnvelopeCorrelator CorMax:MaxProd= 61.546744  J= 232
20:20:30.715 [Acquire2ToneLeaderSymbolFraming] intIatMinError= 0
20:20:31.014 Frame Decode type 30 30 3 Dist 0.00 0.00 0.40 Sess ff pend 0 conn 0 lastsess 0
20:20:31.015 [Frame Type Decode OK  ] Ldr; S:N(3KHz) Early= -7.982443 dB, Full -9.972931 dB, Offset= 51.269051 Hz:  MD Decode;2 ID=HFF, Type=H30:IDFrame, D1= 0.00, D2= 0.00
20:20:31.015 MEMARQ Flags 0 0 0 0 0 0 0 0
20:20:32.308 Qual = 99
20:20:32.309 DecodeFrame MEMARQ Flags 0 0 0 0 0 0 0 0
20:20:32.309 9d 88 b0 c4 00 12 a6 f5 98 da c0 00  14 61 67 de 
20:20:32.310 [DecodeFrame] Frame: IDFrame Decode PASS,   Constellation Quality= 99
20:20:32.311 Time since received = 2
20:20:32.560 [AddTagToDataAndSendToHost] bytes=20 Tag IDF
20:20:38.919 Input peaks = -6619, 6858
20:20:48.983 Input peaks = -6813, 8127
20:20:59.080 Input peaks = -7838, 6900
20:21:09.142 Input peaks = -7165, 7891
20:21:19.182 Input peaks = -7238, 6737
20:21:29.257 Input peaks = -7021, 8269
20:21:37.117 Prior-Offset= -1.264450
20:21:37.215 EnvelopeCorrelator CorMax:MaxProd= 58.050902  J= 129
20:21:37.216 [Acquire2ToneLeaderSymbolFraming] intIatMinError= -2
20:21:37.422 Frame Decode type 55 32 1 Dist 0.50 0.59 0.59 Sess ff pend 0 conn 0 lastsess 0
20:21:37.423 [Frame Type Decode Fail] Ldr; S:N(3KHz) Early= -14.132993 dB, Full -14.130734 dB, Offset= -82.099655 Hz:  MD Decode;5 Type1=H55, Type2=H32, D1= 0.50, D2= 0.59
20:21:37.424 poor frame type decode
20:21:39.318 Input peaks = -7316, 7045
20:21:49.361 Input peaks = -7329, 7029
20:21:59.442 Input peaks = -6663, 7335
20:22:09.525 Input peaks = -7033, 7490
20:22:18.019 Prior-Offset= 1.561169
20:22:18.117 EnvelopeCorrelator CorMax:MaxProd= 62.029099  J= 295
20:22:18.118 [Acquire2ToneLeaderSymbolFraming] intIatMinError= -1
20:22:18.424 Frame Decode type 30 30 fc Dist 0.00 0.00 0.40 Sess ff pend 0 conn 0 lastsess 0
20:22:18.425 [Frame Type Decode OK  ] Ldr; S:N(3KHz) Early= -4.952613 dB, Full -10.631809 dB, Offset= 22.737789 Hz:  MD Decode;2 ID=HFF, Type=H30:IDFrame, D1= 0.00, D2= 0.00
20:22:18.425 MEMARQ Flags 0 0 0 0 0 0 0 0
20:22:19.596 Input peaks = -5744, 6552
20:22:19.724 Qual = 100
20:22:19.725 DecodeFrame MEMARQ Flags 0 0 0 0 0 0 0 0
20:22:19.726 9d 88 b0 c4 00 12 a6 f5 98 da c0 00  14 61 67 de 
20:22:19.726 [DecodeFrame] Frame: IDFrame Decode PASS,   Constellation Quality= 100
20:22:19.731 Time since received = 2
20:22:19.981 [AddTagToDataAndSendToHost] bytes=20 Tag IDF
20:22:29.660 Input peaks = -6859, 7083
20:22:30.402 Prior-Offset= 0.894857
20:22:30.502 EnvelopeCorrelator CorMax:MaxProd= 62.037938  J= 121
20:22:30.503 [Acquire2ToneLeaderSymbolFraming] intIatMinError= 0
20:22:30.796 Frame Decode type 30 30 f Dist 0.00 0.00 0.40 Sess ff pend 0 conn 0 lastsess 0
20:22:30.798 [Frame Type Decode OK  ] Ldr; S:N(3KHz) Early= -8.811552 dB, Full -10.816040 dB, Offset= 23.455990 Hz:  MD Decode;2 ID=HFF, Type=H30:IDFrame, D1= 0.00, D2= 0.00
20:22:30.798 MEMARQ Flags 0 0 0 0 0 0 0 0
20:22:32.095 Qual = 98
20:22:32.096 DecodeFrame MEMARQ Flags 0 0 0 0 0 0 0 0
20:22:32.096 9d 88 b0 c4 00 12 a6 f5 98 da c0 00  14 61 67 de 
20:22:32.097 [DecodeFrame] Frame: IDFrame Decode PASS,   Constellation Quality= 98
20:22:32.097 Time since received = 2
20:22:32.347 [AddTagToDataAndSendToHost] bytes=20 Tag IDF
20:22:39.709 Input peaks = -6702, 7275
20:22:49.763 Input peaks = -4166, 4208
20:22:57.826 Prior-Offset= 0.157059
20:22:57.927 EnvelopeCorrelator CorMax:MaxProd= 61.296503  J= 328
20:22:57.928 [Acquire2ToneLeaderSymbolFraming] intIatMinError= 0
20:22:58.229 Frame Decode type 30 30 fc Dist 0.00 0.00 0.40 Sess ff pend 0 conn 0 lastsess 0
20:22:58.230 [Frame Type Decode OK  ] Ldr; S:N(3KHz) Early= -6.475139 dB, Full -10.459705 dB, Offset= 77.705864 Hz:  MD Decode;2 ID=HFF, Type=H30:IDFrame, D1= 0.00, D2= 0.00
20:22:58.230 MEMARQ Flags 0 0 0 0 0 0 0 0
20:22:59.422 Qual = 98
20:22:59.423 DecodeFrame MEMARQ Flags 0 0 0 0 0 0 0 0
20:22:59.423 9d 88 b0 c4 00 12 a6 f5 98 da c0 00  14 61 67 df 
20:22:59.424 ID Frame Corrected by RS
20:22:59.424 [DecodeFrame] Frame: IDFrame Decode PASS,   Constellation Quality= 98
20:22:59.425 Time since received = 2
20:22:59.674 [AddTagToDataAndSendToHost] bytes=20 Tag IDF
20:22:59.828 Input peaks = -4239, 4134
20:23:09.914 Input peaks = -6978, 7567
20:23:19.990 Input peaks = -7517, 8008
20:23:30.032 Input peaks = -7196, 6962
20:23:35.696 Prior-Offset= 1.908119
20:23:35.798 EnvelopeCorrelator CorMax:MaxProd= 61.466839  J= 3
20:23:35.799 [Acquire2ToneLeaderSymbolFraming] intIatMinError= 2
20:23:36.192 Frame Decode type f6 41 e Dist 0.60 0.55 0.55 Sess ff pend 0 conn 0 lastsess 0
20:23:36.193 [Frame Type Decode Fail] Ldr; S:N(3KHz) Early= -11.815883 dB, Full -15.150554 dB, Offset= -63.874142 Hz:  MD Decode;5 Type1=HF6, Type2=H41, D1= 0.60, D2= 0.55
20:23:36.194 poor frame type decode
20:23:40.114 Input peaks = -6893, 6605
20:23:50.192 Input peaks = -6983, 7738
20:23:51.899 Prior-Offset= -0.245102
20:23:51.989 EnvelopeCorrelator CorMax:MaxProd= 51.778780  J= 3
20:23:51.990 [Acquire2ToneLeaderSymbolFraming] intIatMinError= 0
20:23:52.197 Frame Decode type 63 d0 3b Dist 0.59 0.53 0.56 Sess ff pend 0 conn 0 lastsess 0
20:23:52.198 [Frame Type Decode Fail] Ldr; S:N(3KHz) Early= -12.552098 dB, Full -13.698089 dB, Offset= -98.540260 Hz:  MD Decode;5 Type1=H63, Type2=HD0, D1= 0.59, D2= 0.53
20:23:52.199 poor frame type decode
20:24:00.253 Input peaks = -7287, 6726
20:24:10.352 Input peaks = -7997, 7170
20:24:20.413 Input peaks = -6993, 7638
20:24:30.474 Input peaks = -7678, 7785
20:24:40.535 Input peaks = -7257, 7428
20:24:50.574 Input peaks = -8017, 8771
20:25:00.676 Input peaks = -6768, 7201
20:25:10.735 Input peaks = -7745, 8602
20:25:20.829 Input peaks = -7562, 8371
20:25:30.879 Input peaks = -6857, 7842
20:25:40.934 Input peaks = -7337, 7735
20:25:51.017 Input peaks = -7028, 7128
20:26:01.101 Input peaks = -7574, 6289
20:26:11.154 Input peaks = -7811, 7292
20:26:21.196 Input peaks = -7429, 7194
20:26:31.255 Input peaks = -7228, 6953
20:26:39.359 Prior-Offset= -0.348288
20:26:39.460 EnvelopeCorrelator CorMax:MaxProd= 55.056705  J= 193
20:26:39.462 [Acquire2ToneLeaderSymbolFraming] intIatMinError= 0
20:26:39.660 Frame Decode type 24 fa 5 Dist 0.49 0.41 0.41 Sess ff pend 0 conn 0 lastsess 0
20:26:39.661 [Frame Type Decode Fail] Ldr; S:N(3KHz) Early= -13.687570 dB, Full -14.698387 dB, Offset= -8.646643 Hz:  MD Decode;5 Type1=H24, Type2=HFA, D1= 0.49, D2= 0.41
20:26:39.661 poor frame type decode
20:26:41.338 Input peaks = -7703, 7898
20:26:51.379 Input peaks = -7278, 7180
20:27:01.436 Input peaks = -8375, 7739
20:27:11.482 Input peaks = -7293, 8281
20:27:21.540 Input peaks = -7286, 7860
20:27:31.601 Input peaks = -7228, 8573
20:27:41.640 Input peaks = -7234, 7181
20:27:51.695 Input peaks = -8226, 7944
20:27:59.901 Prior-Offset= 1.055424
20:28:00.001 EnvelopeCorrelator CorMax:MaxProd= 61.101527  J= 181
20:28:00.002 [Acquire2ToneLeaderSymbolFraming] intIatMinError= 0
20:28:00.295 Frame Decode type 30 30 ff Dist 0.00 0.00 0.40 Sess ff pend 0 conn 0 lastsess 0
20:28:00.297 [Frame Type Decode OK  ] Ldr; S:N(3KHz) Early= -6.642327 dB, Full -10.140312 dB, Offset= 34.821701 Hz:  MD Decode;2 ID=HFF, Type=H30:IDFrame, D1= 0.00, D2= 0.00
20:28:00.298 MEMARQ Flags 0 0 0 0 0 0 0 0
20:28:01.500 Qual = 98
20:28:01.501 DecodeFrame MEMARQ Flags 0 0 0 0 0 0 0 0
20:28:01.502 9d 88 b0 c4 00 12 a6 f5 98 da c0 00  14 61 67 dc 
20:28:01.503 ID Frame Corrected by RS
20:28:01.503 [DecodeFrame] Frame: IDFrame Decode PASS,   Constellation Quality= 98
20:28:01.504 Time since received = 3
20:28:01.752 [AddTagToDataAndSendToHost] bytes=20 Tag IDF
20:28:01.763 Input peaks = -4765, 4418
20:28:11.806 Input peaks = -6884, 6750
20:28:21.872 Input peaks = -7874, 8048
20:28:31.932 Input peaks = -7022, 7202
20:28:33.334 Prior-Offset= 1.410650
20:28:33.433 EnvelopeCorrelator CorMax:MaxProd= 62.036182  J= 316
20:28:33.434 [Acquire2ToneLeaderSymbolFraming] intIatMinError= 0
20:28:33.725 Frame Decode type 30 30 ed Dist 0.01 0.00 0.40 Sess ff pend 0 conn 0 lastsess 0
20:28:33.726 [Frame Type Decode OK  ] Ldr; S:N(3KHz) Early= -5.107534 dB, Full -9.860325 dB, Offset= 25.408323 Hz:  MD Decode;2 ID=HFF, Type=H30:IDFrame, D1= 0.01, D2= 0.00
20:28:33.726 MEMARQ Flags 0 0 0 0 0 0 0 0
20:28:35.029 Qual = 98
20:28:35.030 DecodeFrame MEMARQ Flags 0 0 0 0 0 0 0 0
20:28:35.030 9d 88 b0 c4 00 12 a6 f5 98 da c0 00  14 61 67 de 
20:28:35.030 [DecodeFrame] Frame: IDFrame Decode PASS,   Constellation Quality= 98
20:28:35.031 Time since received = 2
20:28:35.280 [AddTagToDataAndSendToHost] bytes=20 Tag IDF
20:28:41.981 Input peaks = -7040, 8252
20:28:52.035 Input peaks = -7293, 6787
20:29:02.120 Input peaks = -7153, 6838
20:29:07.420 Prior-Offset= -0.279259
20:29:07.520 EnvelopeCorrelator CorMax:MaxProd= 66.662097  J= 268
20:29:07.521 [Acquire2ToneLeaderSymbolFraming] intIatMinError= 1
20:29:07.720 Frame Decode type f4 fa 5 Dist 0.41 0.36 0.36 Sess ff pend 0 conn 0 lastsess 0
20:29:07.721 [Frame Type Decode Fail] Ldr; S:N(3KHz) Early= -14.964680 dB, Full -14.449691 dB, Offset= -82.238716 Hz:  MD Decode;5 Type1=HF4, Type2=HFA, D1= 0.41, D2= 0.36
20:29:07.722 poor frame type decode
20:29:12.172 Input peaks = -7379, 7274
20:29:13.057 Prior-Offset= 0.894592
20:29:13.157 EnvelopeCorrelator CorMax:MaxProd= 61.834942  J= 185
20:29:13.158 [Acquire2ToneLeaderSymbolFraming] intIatMinError= 0
20:29:13.454 Frame Decode type 30 30 4d Dist 0.01 0.00 0.40 Sess ff pend 0 conn 0 lastsess 0
20:29:13.456 [Frame Type Decode OK  ] Ldr; S:N(3KHz) Early= -15.692079 dB, Full -11.765398 dB, Offset= 26.110687 Hz:  MD Decode;2 ID=HFF, Type=H30:IDFrame, D1= 0.01, D2= 0.00
20:29:13.456 MEMARQ Flags 0 0 0 0 0 0 0 0
20:29:14.762 Qual = 97
20:29:14.763 DecodeFrame MEMARQ Flags 0 0 0 0 0 0 0 0
20:29:14.764 9d 88 b0 c4 00 12 a6 f5 98 da c0 00  14 61 67 de 
20:29:14.764 [DecodeFrame] Frame: IDFrame Decode PASS,   Constellation Quality= 97
20:29:14.764 Time since received = 2
20:29:15.014 [AddTagToDataAndSendToHost] bytes=20 Tag IDF
20:29:22.232 Input peaks = -7641, 6847
20:29:24.230 Prior-Offset= -0.453161
20:29:24.330 EnvelopeCorrelator CorMax:MaxProd= 61.817019  J= 298
20:29:24.331 [Acquire2ToneLeaderSymbolFraming] intIatMinError= 0
20:29:24.627 Frame Decode type 34 34 e9 Dist 0.00 0.00 0.40 Sess ff pend 0 conn 0 lastsess 0
20:29:24.628 [Frame Type Decode OK  ] Ldr; S:N(3KHz) Early= -7.392801 dB, Full -10.318306 dB, Offset= 24.487434 Hz:  MD Decode;2 ID=HFF, Type=H34:ConReq2000M, D1= 0.00, D2= 0.00
20:29:24.629 New frame type - MEMARQ flags reset
20:29:24.629 MEMARQ Flags 0 0 0 0 0 0 0 0
20:29:25.926 Qual = 97
20:29:25.927 DecodeFrame MEMARQ Flags 0 0 0 0 0 0 0 0
20:29:25.928 DemodDecode4FSKConReq:  S:N=10 Q=97
20:29:25.928 [DecodeFrame] Frame: ConReq2000M Decode PASS,   Constellation Quality= 97
20:29:25.929 Time since received = 2
20:29:26.178 CONREQ From G8BPQ-2 to G8XXX Listen = 1
20:29:26.179 [AddTagToDataAndSendToHost] bytes=31 Tag ARQ
20:29:28.356 Prior-Offset= 0.533426
20:29:28.455 EnvelopeCorrelator CorMax:MaxProd= 61.623448  J= 216
20:29:28.458 [Acquire2ToneLeaderSymbolFraming] intIatMinError= 0
20:29:28.656 Frame Decode type 34 34 e3 Dist 0.01 0.01 0.40 Sess ff pend 0 conn 0 lastsess 0
20:29:28.657 [Frame Type Decode OK  ] Ldr; S:N(3KHz) Early= -6.633296 dB, Full -10.485419 dB, Offset= 29.954008 Hz:  MD Decode;2 ID=HFF, Type=H34:ConReq2000M, D1= 0.01, D2= 0.01
20:29:28.658 MEMARQ Flags 0 0 0 0 0 0 0 0
20:29:29.952 Qual = 92
20:29:29.952 DecodeFrame MEMARQ Flags 0 0 0 0 0 0 0 0
20:29:29.953 DemodDecode4FSKConReq:  S:N=4 Q=92
20:29:29.953 [DecodeFrame] Frame: ConReq2000M Decode PASS,   Constellation Quality= 92
20:29:29.954 Time since received = 1
20:29:30.204 CONREQ From G8BPQ-2 to G8XXX Listen = 1
20:29:30.205 [AddTagToDataAndSendToHost] bytes=31 Tag ARQ
20:29:32.267 Input peaks = -5799, 5473
20:29:42.364 Input peaks = -7207, 5747
20:29:52.398 Input peaks = -6895, 7155
20:30:02.443 Input peaks = -7470, 7554
20:30:12.506 Input peaks = -7600, 7524
20:30:22.564 Input peaks = -7246, 6345
20:30:32.609 Input peaks = -6939, 7442
20:30:35.999 Prior-Offset= 0.241615
20:30:36.110 EnvelopeCorrelator CorMax:MaxProd= 60.763256  J= 126
20:30:36.113 [Acquire2ToneLeaderSymbolFraming] intIatMinError= -1
20:30:36.400 Frame Decode type c0 ea 15 Dist 0.50 0.44 0.44 Sess ff pend 0 conn 0 lastsess 0
20:30:36.401 [Frame Type Decode Fail] Ldr; S:N(3KHz) Early= -12.619518 dB, Full -14.449151 dB, Offset= -79.597824 Hz:  MD Decode;5 Type1=HC0, Type2=HEA, D1= 0.50, D2= 0.44
20:30:36.401 poor frame type decode
20:30:42.685 Input peaks = -7140, 7226
20:30:52.765 Input peaks = -7071, 7582
20:31:02.824 Input peaks = -6778, 7209
20:31:12.882 Input peaks = -7413, 6654
20:31:22.926 Input peaks = -7182, 7709
20:31:32.986 Input peaks = -6514, 7872
20:31:34.729 Prior-Offset= 0.184896
20:31:34.839 EnvelopeCorrelator CorMax:MaxProd= 60.976033  J= 317
20:31:34.843 [Acquire2ToneLeaderSymbolFraming] intIatMinError= 0
20:31:35.127 Frame Decode type 34 34 7 Dist 0.00 0.00 0.40 Sess ff pend 0 conn 0 lastsess 0
20:31:35.128 [Frame Type Decode OK  ] Ldr; S:N(3KHz) Early= -6.983791 dB, Full -10.631025 dB, Offset= 31.510859 Hz:  MD Decode;2 ID=HFF, Type=H34:ConReq2000M, D1= 0.00, D2= 0.00
20:31:35.128 MEMARQ Flags 0 0 0 0 0 0 0 0
20:31:36.428 Qual = 98
20:31:36.435 DecodeFrame MEMARQ Flags 0 0 0 0 0 0 0 0
20:31:36.438 CONREQ Frame Corrected by RS
20:31:36.445 DemodDecode4FSKConReq:  S:N=11 Q=98
20:31:36.446 [DecodeFrame] Frame: ConReq2000M Decode PASS,   Constellation Quality= 98
20:31:36.448 Time since received = 20
20:31:36.682 CONREQ From G8BPQ-2 to G8XXX Listen = 1
20:31:36.687 [AddTagToDataAndSendToHost] bytes=31 Tag ARQ
20:31:38.804 Prior-Offset= 1.424992
20:31:38.903 EnvelopeCorrelator CorMax:MaxProd= 61.576473  J= 200
20:31:38.904 [Acquire2ToneLeaderSymbolFraming] intIatMinError= -1
20:31:39.208 Frame Decode type 34 34 e9 Dist 0.00 0.00 0.40 Sess ff pend 0 conn 0 lastsess 0
20:31:39.209 [Frame Type Decode OK  ] Ldr; S:N(3KHz) Early= -6.439535 dB, Full -10.236250 dB, Offset= 30.228758 Hz:  MD Decode;2 ID=HFF, Type=H34:ConReq2000M, D1= 0.00, D2= 0.00
20:31:39.210 MEMARQ Flags 0 0 0 0 0 0 0 0
20:31:40.500 Qual = 98
20:31:40.501 DecodeFrame MEMARQ Flags 0 0 0 0 0 0 0 0
20:31:40.502 CONREQ Frame Corrected by RS
20:31:40.502 DemodDecode4FSKConReq:  S:N=11 Q=98
20:31:40.503 [DecodeFrame] Frame: ConReq2000M Decode PASS,   Constellation Quality= 98
20:31:40.504 Time since received = 3
20:31:40.752 CONREQ From G8BPQ-2 to G8XXX Listen = 1
20:31:40.753 [AddTagToDataAndSendToHost] bytes=31 Tag ARQ
20:31:42.873 Prior-Offset= 1.468233
20:31:42.973 EnvelopeCorrelator CorMax:MaxProd= 64.425134  J= 0
20:31:42.974 [Acquire2ToneLeaderSymbolFraming] intIatMinError= 0
20:31:43.051 Input peaks = -5858, 6442
20:31:43.270 Frame Decode type 34 34 8 Dist 0.01 0.00 0.40 Sess ff pend 0 conn 0 lastsess 0
20:31:43.271 [Frame Type Decode OK  ] Ldr; S:N(3KHz) Early= -7.765974 dB, Full -9.855093 dB, Offset= 31.564085 Hz:  MD Decode;2 ID=HFF, Type=H34:ConReq2000M, D1= 0.01, D2= 0.00
20:31:43.272 MEMARQ Flags 0 0 0 0 0 0 0 0
20:31:44.570 Qual = 98
20:31:44.571 DecodeFrame MEMARQ Flags 0 0 0 0 0 0 0 0
20:31:44.571 CONREQ Frame Corrected by RS
20:31:44.572 DemodDecode4FSKConReq:  S:N=10 Q=98
20:31:44.572 [DecodeFrame] Frame: ConReq2000M Decode PASS,   Constellation Quality= 98
20:31:44.573 Time since received = 2
20:31:44.822 CONREQ From G8BPQ-2 to G8XXX Listen = 1
20:31:44.824 [AddTagToDataAndSendToHost] bytes=31 Tag ARQ
20:31:46.938 Prior-Offset= 1.118736
20:31:47.037 EnvelopeCorrelator CorMax:MaxProd= 61.478454  J= 222
20:31:47.038 [Acquire2ToneLeaderSymbolFraming] intIatMinError= -1
20:31:47.342 Frame Decode type 34 34 f7 Dist 0.01 0.00 0.40 Sess ff pend 0 conn 0 lastsess 0
20:31:47.343 [Frame Type Decode OK  ] Ldr; S:N(3KHz) Early= -6.452913 dB, Full -10.691372 dB, Offset= 29.761499 Hz:  MD Decode;2 ID=HFF, Type=H34:ConReq2000M, D1= 0.01, D2= 0.00
20:31:47.343 MEMARQ Flags 0 0 0 0 0 0 0 0
20:31:48.637 Qual = 99
20:31:48.638 DecodeFrame MEMARQ Flags 0 0 0 0 0 0 0 0
20:31:48.639 CONREQ Frame Corrected by RS
20:31:48.639 DemodDecode4FSKConReq:  S:N=11 Q=99
20:31:48.640 [DecodeFrame] Frame: ConReq2000M Decode PASS,   Constellation Quality= 99
20:31:48.640 Time since received = 3
20:31:48.888 CONREQ From G8BPQ-2 to G8XXX Listen = 1
20:31:48.889 [AddTagToDataAndSendToHost] bytes=31 Tag ARQ
20:31:51.009 Prior-Offset= 0.795185
20:31:51.108 EnvelopeCorrelator CorMax:MaxProd= 63.682240  J= 3
20:31:51.109 [Acquire2ToneLeaderSymbolFraming] intIatMinError= 0
20:31:51.403 Frame Decode type 34 34 f8 Dist 0.01 0.00 0.40 Sess ff pend 0 conn 0 lastsess 0
20:31:51.404 [Frame Type Decode OK  ] Ldr; S:N(3KHz) Early= -5.808880 dB, Full -10.168207 dB, Offset= 27.900211 Hz:  MD Decode;2 ID=HFF, Type=H34:ConReq2000M, D1= 0.01, D2= 0.00
20:31:51.405 MEMARQ Flags 0 0 0 0 0 0 0 0
20:31:52.704 Qual = 98
20:31:52.705 DecodeFrame MEMARQ Flags 0 0 0 0 0 0 0 0
20:31:52.705 CONREQ Frame Corrected by RS
20:31:52.706 DemodDecode4FSKConReq:  S:N=11 Q=98
20:31:52.706 [DecodeFrame] Frame: ConReq2000M Decode PASS,   Constellation Quality= 98
20:31:52.706 Time since received = 2
20:31:52.956 CONREQ From G8BPQ-2 to G8XXX Listen = 1
20:31:52.957 [AddTagToDataAndSendToHost] bytes=31 Tag ARQ
20:31:53.096 Input peaks = -4585, 4210
20:32:03.175 Input peaks = -7366, 6929
20:32:13.252 Input peaks = -7945, 6939
20:32:23.289 Input peaks = -6578, 7281
20:32:33.335 Input peaks = -7101, 6936
20:32:43.393 Input peaks = -7080, 6556
20:32:53.435 Input peaks = -8484, 7078
20:33:03.513 Input peaks = -6612, 6699
20:33:13.574 Input peaks = -7545, 7056
20:33:16.838 Prior-Offset= 2.803926
20:33:16.936 EnvelopeCorrelator CorMax:MaxProd= 59.273501  J= 266
20:33:16.937 [Acquire2ToneLeaderSymbolFraming] intIatMinError= 2
20:33:17.131 Frame Decode type 13 e4 1b Dist 0.55 0.57 0.57 Sess ff pend 0 conn 0 lastsess 0
20:33:17.132 [Frame Type Decode Fail] Ldr; S:N(3KHz) Early= -15.150342 dB, Full -14.687340 dB, Offset= -18.440619 Hz:  MD Decode;5 Type1=H13, Type2=HE4, D1= 0.55, D2= 0.57
20:33:17.134 poor frame type decode
20:33:23.618 Input peaks = -7619, 7538
20:33:33.680 Input peaks = -8131, 6899
20:33:43.756 Input peaks = -8361, 7319
20:33:53.821 Input peaks = -8324, 7147
20:34:03.896 Input peaks = -4, 5
20:34:13.979 Input peaks = -5, 5
20:34:24.075 Input peaks = -5, 4
20:34:34.140 Input peaks = -5, 5
20:34:44.195 Input peaks = -5, 4
20:34:54.263 Input peaks = -5, 5
20:35:04.323 Input peaks = -5, 5
20:35:14.422 Input peaks = -5, 5
20:35:24.500 Input peaks = -4, 5
20:35:34.563 Input peaks = -5, 5
20:35:44.621 Input peaks = -5, 5
20:35:54.678 Input peaks = -5, 4
20:36:04.718 Input peaks = -5, 4
20:36:14.783 Input peaks = -5, 5
20:36:24.864 Input peaks = -4, 4
20:36:34.925 Input peaks = -4, 5
20:36:44.981 Input peaks = -5, 4
20:36:55.040 Input peaks = -5, 4
20:37:05.099 Input peaks = -5, 5
20:37:15.161 Input peaks = -5, 5
20:37:25.228 Input peaks = -5, 5
20:37:35.303 Input peaks = -5, 4
20:37:45.363 Input peaks = -4, 5
20:37:55.443 Input peaks = -4, 5
20:38:05.505 Input peaks = -5, 5
20:38:15.581 Input peaks = -5, 5
20:38:25.648 Input peaks = -6, 4
20:38:35.724 Input peaks = -116, 127
20:38:45.790 Input peaks = -5, 4
20:38:55.850 Input peaks = -4, 5
20:39:05.910 Input peaks = -5, 5
20:39:15.987 Input peaks = -5, 5
20:39:26.064 Input peaks = -4, 5
20:39:36.131 Input peaks = -5, 4
20:39:46.191 Input peaks = -4, 4
20:39:56.251 Input peaks = -5, 4
20:40:06.309 Input peaks = -5, 5
20:40:16.351 Input peaks = -4, 4
20:40:26.413 Input peaks = -4, 5
20:40:36.473 Input peaks = -5, 5
20:40:46.548 Input peaks = -4, 4
20:40:56.614 Input peaks = -5, 4
20:41:06.688 Input peaks = -4, 5
20:41:16.732 Input peaks = -5, 5
20:41:26.813 Input peaks = -5, 4
20:41:36.875 Input peaks = -5, 5
20:41:46.953 Input peaks = -5, 4
20:41:57.014 Input peaks = -5, 5
20:42:07.075 Input peaks = -5, 5
20:42:17.130 Input peaks = -4, 5
20:42:27.174 Input peaks = -5, 5
20:42:37.232 Input peaks = -5, 5
20:42:47.275 Input peaks = -5, 4
20:42:57.356 Input peaks = -4, 4
20:43:07.430 Input peaks = -4, 4
20:43:17.510 Input peaks = -4, 5
20:43:27.575 Input peaks = -5, 5
20:43:37.631 Input peaks = -5, 5
20:43:47.679 Input peaks = -4, 5
20:43:57.756 Input peaks = -4, 5
20:44:07.814 Input peaks = -5, 4
20:44:17.895 Input peaks = -4, 4
20:44:27.981 Input peaks = -5, 4
20:44:38.015 Input peaks = -5, 5
20:44:48.060 Input peaks = -5, 5
20:44:58.096 Input peaks = -4, 5
20:45:08.156 Input peaks = -5, 5
20:45:18.255 Input peaks = -4, 5
20:45:28.318 Input peaks = -5, 5
20:45:38.375 Input peaks = -5, 4
20:45:48.435 Input peaks = -5, 5
20:45:58.521 Input peaks = -5, 5
20:46:08.580 Input peaks = -4, 5
20:46:18.644 Input peaks = -5, 6
20:46:28.717 Input peaks = -4, 5
20:46:38.762 Input peaks = -5, 4
20:46:48.819 Input peaks = -5, 4
20:46:58.876 Input peaks = -5, 5
20:47:08.916 Input peaks = -5, 4
20:47:18.944 Input peaks = -5, 5
20:47:29.020 Input peaks = -5, 5
20:47:39.103 Input peaks = -4, 5
20:47:49.165 Input peaks = -5, 5
20:47:59.244 Input peaks = -5, 5
20:48:09.305 Input peaks = -5, 5
20:48:19.346 Input peaks = -5, 4
20:48:29.386 Input peaks = -5, 4
20:48:39.479 Input peaks = -5, 5
20:48:49.526 Input peaks = -5, 4
20:48:59.608 Input peaks = -5, 5
20:49:09.663 Input peaks = -5, 4
20:49:19.768 Input peaks = -5, 5
20:49:29.770 Input peaks = -5, 4
20:49:39.849 Input peaks = -5, 4
20:49:49.965 Input peaks = -5, 4
20:49:59.979 Input peaks = -5, 5
20:50:10.042 Input peaks = -6, 4
20:50:20.078 Input peaks = -6, 4
20:50:30.123 Input peaks = -5, 5
20:50:40.180 Input peaks = -5, 5
20:50:50.265 Input peaks = -5, 5
20:51:00.341 Input peaks = -5, 4
20:51:10.402 Input peaks = -5, 4
20:51:20.446 Input peaks = -5, 5
20:51:30.508 Input peaks = -5, 4
20:51:40.567 Input peaks = -5, 5
20:51:50.644 Input peaks = -4, 5
20:52:00.724 Input peaks = -5, 4
20:52:10.784 Input peaks = -4, 5
20:52:20.869 Input peaks = -5, 5
20:52:30.904 Input peaks = -4, 5
20:52:40.985 Input peaks = -4, 5
20:52:51.043 Input peaks = -5, 5
20:53:01.105 Input peaks = -5, 5
20:53:11.151 Input peaks = -4, 5
20:53:21.208 Input peaks = -4, 5
20:53:31.291 Input peaks = -5, 5
20:53:41.371 Input peaks = -4, 5
20:53:51.446 Input peaks = -5, 4
20:54:01.506 Input peaks = -5, 5
20:54:11.549 Input peaks = -5, 5
20:54:21.605 Input peaks = -5, 5
20:54:31.653 Input peaks = -5, 5
20:54:41.712 Input peaks = -5, 4
20:54:51.773 Input peaks = -5, 5
20:55:01.834 Input peaks = -4, 4
20:55:11.911 Input peaks = -5, 5
20:55:21.988 Input peaks = -4, 5
20:55:32.049 Input peaks = -5, 5
20:55:42.094 Input peaks = -5, 5
20:55:52.174 Input peaks = -5, 5
20:56:02.230 Input peaks = -5, 5
20:56:12.292 Input peaks = -5, 4
20:56:22.369 Input peaks = -4, 5
20:56:32.435 Input peaks = -5, 5
20:56:42.512 Input peaks = -4, 5
20:56:52.571 Input peaks = -5, 5
20:57:02.614 Input peaks = -4, 5
20:57:12.692 Input peaks = -5, 5
20:57:22.732 Input peaks = -5, 5
20:57:32.789 Input peaks = -5, 4
20:57:42.851 Input peaks = -5, 5
20:57:52.913 Input peaks = -5, 4
20:58:02.975 Input peaks = -5, 5
20:58:13.032 Input peaks = -4, 4
20:58:23.081 Input peaks = -5, 4
20:58:33.134 Input peaks = -5, 4
20:58:43.215 Input peaks = -4, 4
20:58:53.276 Input peaks = -6, 5
20:59:03.337 Input peaks = -5, 4
20:59:13.398 Input peaks = -5, 4
20:59:23.460 Input peaks = -5, 4
20:59:33.502 Input peaks = -5, 4
20:59:43.543 Input peaks = -5, 5
20:59:53.602 Input peaks = -5, 5
21:00:03.654 Input peaks = -5, 4
21:00:13.722 Input peaks = -39, 34
21:00:23.799 Input peaks = -5, 5
21:00:33.877 Input peaks = -5, 5
21:00:43.962 Input peaks = -5, 5
21:00:54.019 Input peaks = -5, 5
21:01:04.081 Input peaks = -4, 5
21:01:14.180 Input peaks = -5, 4
21:01:24.204 Input peaks = -4, 5
21:01:34.262 Input peaks = -5, 5
21:01:44.319 Input peaks = -1612, 1623
21:01:54.364 Input peaks = -6, 4
21:02:04.444 Input peaks = -5, 4
21:02:14.485 Input peaks = -5, 4
21:02:24.541 Input peaks = -4, 4
21:02:34.622 Input peaks = -5, 4
21:02:44.664 Input peaks = -4, 5
21:02:54.728 Input peaks = -4, 4
21:03:04.803 Input peaks = -4, 5
21:03:14.846 Input peaks = -4, 5
21:03:25.014 Input peaks = -4, 5
21:03:34.990 Input peaks = -5, 4
21:03:45.076 Input peaks = -4, 4
21:03:55.156 Input peaks = -5, 5
21:04:05.237 Input peaks = -5, 5
21:04:15.292 Input peaks = -4, 4
21:04:25.395 Input peaks = -5, 5
21:04:35.455 Input peaks = -5, 4
21:04:45.534 Input peaks = -4, 4
21:04:55.573 Input peaks = -4, 5
21:05:05.652 Input peaks = -5, 5
21:05:15.731 Input peaks = -5, 5
21:05:25.795 Input peaks = -4, 4
21:05:35.901 Input peaks = -5, 5
21:05:45.936 Input peaks = -5, 4
21:05:55.996 Input peaks = -5, 4
21:06:06.035 Input peaks = -5, 5
21:06:16.076 Input peaks = -5, 5
21:06:26.111 Input peaks = -5, 5
21:06:36.179 Input peaks = -4, 4
21:06:46.361 Input peaks = -4, 5
21:06:56.321 Input peaks = -5, 5
21:07:06.447 Input peaks = -4, 4
21:07:16.431 Input peaks = -5, 5
21:07:26.511 Input peaks = -5, 5
21:07:36.566 Input peaks = -5, 5
21:07:46.625 Input peaks = -5, 5
21:07:56.731 Input peaks = -5, 5
21:08:06.808 Input peaks = -5, 4
21:08:16.871 Input peaks = -5, 4
21:08:26.933 Input peaks = -5, 4
21:08:37.010 Input peaks = -5, 4
21:08:47.074 Input peaks = -6, 4
21:08:57.127 Input peaks = -5, 5
21:09:07.151 Input peaks = -5, 5
21:09:17.211 Input peaks = -5, 5
21:09:27.253 Input peaks = -4, 4
21:09:37.314 Input peaks = -5, 4
21:09:47.390 Input peaks = -5, 4
21:09:57.474 Input peaks = -5, 4
21:10:07.577 Input peaks = -5, 4
21:10:17.588 Input peaks = -5, 5
21:10:27.654 Input peaks = -5, 4
21:10:37.727 Input peaks = -4, 5
21:10:47.718 Input peaks = -5, 5
21:10:57.815 Input peaks = -5, 4
21:11:08.158 Input peaks = -5, 5
21:11:17.977 Input peaks = -4, 4
21:11:28.038 Input peaks = -5, 5
21:11:38.120 Input peaks = -6, 5
21:11:48.200 Input peaks = -5, 5
21:11:58.279 Input peaks = -4, 5
21:12:08.323 Input peaks = -5, 5
21:12:18.401 Input peaks = -4, 5
21:12:28.703 Input peaks = -5, 4
21:12:38.522 Input peaks = -6, 4
21:12:48.586 Input peaks = -4, 5
21:12:58.669 Input peaks = -4, 5
21:13:08.725 Input peaks = -4, 4
21:13:18.808 Input peaks = -6, 5
21:13:28.908 Input peaks = -5, 4
21:13:38.983 Input peaks = -4, 4
21:13:49.049 Input peaks = -5, 4
21:13:59.103 Input peaks = -4, 5
21:14:09.171 Input peaks = -4, 5
21:14:19.228 Input peaks = -5, 4
21:14:29.286 Input peaks = -5, 5
21:14:39.310 Input peaks = -5, 5
21:14:49.365 Input peaks = -5, 5
21:14:59.429 Input peaks = -5, 4
21:15:09.468 Input peaks = -6, 4
21:15:19.717 Input peaks = -4, 5
21:15:29.607 Input peaks = -5, 4
21:15:39.617 Input peaks = -5, 5
21:15:49.697 Input peaks = -5, 4
21:15:59.759 Input peaks = -5, 4
21:16:09.997 Input peaks = -5, 7
21:16:19.833 Input peaks = -4, 4
21:16:29.892 Input peaks = -5, 4
21:16:39.940 Input peaks = -4, 5
21:16:49.993 Input peaks = -5, 5
21:17:00.059 Input peaks = -5, 5
21:17:10.102 Input peaks = -4, 5
21:17:20.177 Input peaks = -5, 5
21:17:30.262 Input peaks = -4, 4
21:17:40.323 Input peaks = -5, 5
21:17:50.356 Input peaks = -5, 4
21:18:00.401 Input peaks = -5, 5
21:18:10.455 Input peaks = -5, 4
21:18:20.481 Input peaks = -5, 4
21:18:30.559 Input peaks = -4, 5
21:18:40.601 Input peaks = -5, 5
21:18:50.646 Input peaks = -4, 5
21:19:00.723 Input peaks = -4, 5
21:19:10.957 Input peaks = -5, 4
21:19:20.858 Input peaks = -5, 5
21:19:30.916 Input peaks = -4, 5
21:19:41.014 Input peaks = -4, 4
21:19:51.101 Input peaks = -5, 5
21:20:01.157 Input peaks = -4, 4
21:20:11.217 Input peaks = -5, 4
21:20:21.316 Input peaks = -5, 5
21:20:31.380 Input peaks = -5, 5
21:20:41.439 Input peaks = -5, 5
21:20:51.479 Input peaks = -5, 5
21:21:01.540 Input peaks = -5, 5
21:21:11.602 Input peaks = -5, 5
21:21:21.698 Input peaks = -5, 4
21:21:31.743 Input peaks = -4, 5
21:21:41.802 Input peaks = -5, 4
21:21:51.845 Input peaks = -4, 5
21:22:01.900 Input peaks = -5, 5
21:22:11.964 Input peaks = -5, 4
21:22:22.025 Input peaks = -4, 5
21:22:32.076 Input peaks = -4, 5
21:22:42.138 Input peaks = -4, 4
21:22:52.292 Input peaks = -5, 4
21:23:02.212 Input peaks = -5, 5
21:23:12.294 Input peaks = -4, 4
21:23:22.375 Input peaks = -5, 4
21:23:32.449 Input peaks = -4, 5
21:23:42.513 Input peaks = -5, 4
21:23:52.574 Input peaks = -5, 5
21:24:02.654 Input peaks = -4, 5
21:24:12.728 Input peaks = -5, 4
21:24:22.791 Input peaks = -6, 4
21:24:32.853 Input peaks = -5, 4
21:24:42.929 Input peaks = -4, 5
21:24:52.995 Input peaks = -5, 4
21:25:03.073 Input peaks = -6, 5
21:25:13.153 Input peaks = -4, 6
21:25:23.221 Input peaks = -4, 4
21:25:33.296 Input peaks = -4, 5
21:25:43.338 Input peaks = -4, 5
21:25:53.413 Input peaks = -4, 5
21:26:03.476 Input peaks = -4, 4
21:26:13.518 Input peaks = -5, 5
21:26:23.597 Input peaks = -5, 5
21:26:33.655 Input peaks = -4, 5
21:26:43.719 Input peaks = -4, 4
21:26:53.794 Input peaks = -5, 4
21:27:03.852 Input peaks = -5, 5
21:27:13.923 Input peaks = -5, 4
21:27:23.979 Input peaks = -5, 4
21:27:34.054 Input peaks = -5, 4
21:27:44.098 Input peaks = -5, 5
21:27:54.177 Input peaks = -5, 4
21:28:04.259 Input peaks = -5, 4
21:28:14.317 Input peaks = -4, 5
21:28:24.364 Input peaks = -5, 5
21:28:34.444 Input peaks = -5, 5
21:28:44.542 Input peaks = -5, 5
21:28:54.604 Input peaks = -5, 4
21:29:04.642 Input peaks = -5, 4
21:29:14.706 Input peaks = -4, 5
21:29:24.759 Input peaks = -5, 5
21:29:34.848 Input peaks = -5, 5
21:29:44.940 Input peaks = -4, 4
21:29:55.027 Input peaks = -5, 4
21:30:05.100 Input peaks = -5, 5
21:30:15.146 Input peaks = -5, 6
21:30:25.207 Input peaks = -4, 4
21:30:35.281 Input peaks = -5, 5
21:30:45.320 Input peaks = -5, 5
21:30:55.362 Input peaks = -4, 4
21:31:05.429 Input peaks = -5, 5
21:31:15.509 Input peaks = -4, 5
21:31:25.589 Input peaks = -4, 5
21:31:35.645 Input peaks = -4, 5
21:31:45.703 Input peaks = -4, 5
21:31:55.768 Input peaks = -5, 5
21:32:05.972 Input peaks = -4, 5
21:32:15.879 Input peaks = -4, 4
21:32:25.958 Input peaks = -4, 6
21:32:36.020 Input peaks = -5, 5
21:32:46.068 Input peaks = -4, 5
21:32:56.107 Input peaks = -5, 4
21:33:06.180 Input peaks = -5, 4
21:33:16.228 Input peaks = -4, 4
21:33:26.302 Input peaks = -4, 4
21:33:36.362 Input peaks = -4, 4
21:33:46.597 Input peaks = -5, 5
21:33:56.502 Input peaks = -5, 4
21:34:06.557 Input peaks = -5, 6
21:34:16.618 Input peaks = -5, 5
21:34:26.660 Input peaks = -5, 5
21:34:36.740 Input peaks = -4, 5
21:34:46.783 Input peaks = -5, 5
21:34:56.859 Input peaks = -5, 4
21:35:06.941 Input peaks = -5, 4
21:35:17.018 Input peaks = -4, 4
21:35:27.084 Input peaks = -4, 5
21:35:37.140 Input peaks = -4, 5
21:35:47.338 Input peaks = -378, 320
21:35:57.215 Input peaks = -5, 5
21:36:07.295 Input peaks = -5, 5
21:36:17.334 Input peaks = -4, 5
21:36:27.412 Input peaks = -4, 4
21:36:37.455 Input peaks = -5, 4
21:36:47.540 Input peaks = -5, 5
21:36:57.615 Input peaks = -5, 5
21:37:07.746 Input peaks = -5, 5
21:37:17.750 Input peaks = -5, 5
21:37:27.804 Input peaks = -5, 4
21:37:37.901 Input peaks = -5, 5
21:37:47.908 Input peaks = -4, 4
21:37:58.117 Input peaks = -5, 5
21:38:08.035 Input peaks = -5, 5
21:38:18.096 Input peaks = -5, 5
21:38:28.137 Input peaks = -5, 5
21:38:38.217 Input peaks = -5, 4
21:38:48.312 Input peaks = -5, 5
21:38:58.356 Input peaks = -4, 4
21:39:08.419 Input peaks = -4, 4
21:39:18.498 Input peaks = -4, 4
21:39:28.580 Input peaks = -4, 5
21:39:38.656 Input peaks = -5, 5
21:39:48.681 Input peaks = -5, 5
21:39:58.720 Input peaks = -5, 5
21:40:08.803 Input peaks = -5, 4
21:40:18.840 Input peaks = -5, 4
21:40:28.901 Input peaks = -4, 4
21:40:38.963 Input peaks = -5, 4
21:40:49.024 Input peaks = -4, 5
21:40:59.096 Input peaks = -4, 4
21:41:09.177 Input peaks = -4, 5
21:41:19.224 Input peaks = -5, 5
21:41:29.302 Input peaks = -5, 4
21:41:39.362 Input peaks = -4, 5
21:41:49.427 Input peaks = -5, 5
21:41:59.479 Input peaks = -5, 5
21:42:09.521 Input peaks = -4, 5
21:42:19.585 Input peaks = -5, 5
21:42:29.756 Input peaks = -5, 5
21:42:39.720 Input peaks = -5, 5
21:42:49.793 Input peaks = -5, 5
21:42:59.839 Input peaks = -4, 5
21:43:09.915 Input peaks = -4, 5
21:43:19.979 Input peaks = -4, 4
21:43:30.042 Input peaks = -4, 5
21:43:40.123 Input peaks = -5, 5
21:43:50.180 Input peaks = -5, 4
21:44:00.271 Input peaks = -4, 4
21:44:10.248 Input peaks = -4, 4
21:44:20.292 Input peaks = -4, 4
21:44:30.334 Input peaks = -5, 5
21:44:40.394 Input peaks = -4, 4
21:44:50.434 Input peaks = -5, 4
21:45:00.495 Input peaks = -5, 5
21:45:10.572 Input peaks = -5, 5
21:45:20.654 Input peaks = -5, 5
21:45:30.715 Input peaks = -5, 5
21:45:40.788 Input peaks = -5, 4
21:45:50.873 Input peaks = -4, 5
21:46:00.957 Input peaks = -4, 4
21:46:11.031 Input peaks = -5, 5
21:46:21.075 Input peaks = -5, 5
21:46:31.153 Input peaks = -5, 5
21:46:41.216 Input peaks = -5, 4
21:46:51.258 Input peaks = -5, 4
21:47:01.338 Input peaks = -5, 5
21:47:11.418 Input peaks = -5, 4
21:47:21.494 Input peaks = -5, 4
21:47:31.577 Input peaks = -5, 5
21:47:41.639 Input peaks = -5, 4
21:47:51.695 Input peaks = -4, 4
21:48:01.753 Input peaks = -5, 5
21:48:11.821 Input peaks = -5, 4
21:48:21.879 Input peaks = -5, 4
06:42:31.381 Input peaks = -4, 4
06:42:41.310 Input peaks = 0, 0
06:42:48.512 Input peaks = 0, 0
06:42:58.565 Input peaks = 0, 0
06:43:08.605 Input peaks = 0, 0
06:43:18.649 Input peaks = 0, 0
06:43:28.761 Input peaks = -4, 4
06:43:38.796 Input peaks = -5, 5
06:43:48.836 Input peaks = -5, 5
06:43:58.860 Input peaks = -4, 5
06:44:08.893 Input peaks = -4, 4
06:44:18.977 Input peaks = -4, 5
06:44:29.058 Input peaks = -5, 6
06:44:39.114 Input peaks = -5, 5
06:44:49.140 Input peaks = -4, 4
06:44:59.196 Input peaks = -5, 5
06:45:09.260 Input peaks = -4, 4
06:45:19.303 Input peaks = -5, 5
06:45:29.361 Input peaks = -4, 5
06:45:39.422 Input peaks = -5, 6
06:45:49.487 Input peaks = -5, 5
06:45:59.546 Input peaks = -5, 5
06:46:09.618 Input peaks = -5, 5
06:46:19.682 Input peaks = -5, 5
06:46:29.758 Input peaks = -5, 5
06:46:39.807 Input peaks = -5, 5
06:46:49.908 Input peaks = -5, 4
06:46:59.965 Input peaks = -4, 5
06:47:10.024 Input peaks = -5, 4
06:47:20.083 Input peaks = -4, 5
06:47:30.165 Input peaks = -4, 5
06:47:40.241 Input peaks = -5, 4
06:47:50.301 Input peaks = -5, 4
06:48:00.361 Input peaks = -4, 5
06:48:10.429 Input peaks = -4, 5
06:48:20.511 Input peaks = -5, 6
06:48:30.564 Input peaks = -5, 5
06:48:40.629 Input peaks = -4, 4
06:48:50.688 Input peaks = -4, 4
06:49:00.751 Input peaks = -5, 5
06:49:10.792 Input peaks = -4, 5
06:49:20.887 Input peaks = -5, 5
06:49:30.971 Input peaks = -5, 5
06:49:41.067 Input peaks = -5, 5
06:49:51.145 Input peaks = -4, 4
06:50:01.230 Input peaks = -5, 5
06:50:11.290 Input peaks = -5, 4
06:50:21.372 Input peaks = -94, 83
06:50:31.452 Input peaks = -5, 5
06:50:41.551 Input peaks = -4, 5
06:50:51.653 Input peaks = -5, 5
06:51:01.734 Input peaks = -5, 5
06:51:11.795 Input peaks = -5, 5
06:51:21.868 Input peaks = -5, 5
06:51:31.909 Input peaks = -5, 5
06:51:41.975 Input peaks = -5, 4
06:51:52.049 Input peaks = -5, 4
06:52:02.133 Input peaks = -5, 5
06:52:12.210 Input peaks = -6, 5
06:52:22.316 Input peaks = -4, 4
06:52:32.393 Input peaks = -5, 5
06:52:42.493 Input peaks = -5, 4
06:52:52.558 Input peaks = -6, 4
06:53:02.618 Input peaks = -4, 4
06:53:12.697 Input peaks = -5, 4
06:53:22.795 Input peaks = -5, 5
06:53:32.837 Input peaks = -4, 4
06:53:42.918 Input peaks = -5, 5
06:53:52.992 Input peaks = -5, 5
06:54:03.061 Input peaks = -5, 5
06:54:13.135 Input peaks = -5, 5
06:54:23.241 Input peaks = -5, 4
06:54:33.319 Input peaks = -4, 4
06:54:43.399 Input peaks = -4, 5
06:54:53.501 Input peaks = -5, 5
06:55:03.575 Input peaks = -4, 4
06:55:13.658 Input peaks = -5, 4
06:55:23.718 Input peaks = -4, 5
06:55:33.775 Input peaks = -5, 5
06:55:43.814 Input peaks = -5, 4
06:55:53.860 Input peaks = -5, 4
06:56:03.941 Input peaks = -5, 5
06:56:13.998 Input peaks = -4, 4
06:56:24.057 Input peaks = -5, 5
06:56:34.103 Input peaks = -5, 5
06:56:44.182 Input peaks = -6, 5
06:56:54.247 Input peaks = -4, 5
06:57:04.325 Input peaks = -5, 5
06:57:14.404 Input peaks = -5, 4
06:57:24.480 Input peaks = -5, 5
06:57:34.558 Input peaks = -5, 5
06:57:44.620 Input peaks = -5, 5
06:57:54.686 Input peaks = -5, 5
06:58:04.764 Input peaks = -4, 4
06:58:14.827 Input peaks = -4, 4
06:58:24.883 Input peaks = -5, 4
06:58:34.965 Input peaks = -4, 5
06:58:45.006 Input peaks = -108, 110
06:58:55.090 Input peaks = -5, 4
06:59:05.148 Input peaks = -3592, 3697
06:59:15.208 Input peaks = -5, 5
06:59:25.283 Input peaks = -4, 5
06:59:35.345 Input peaks = -5, 5
06:59:45.406 Input peaks = -5, 5
06:59:55.463 Input peaks = -4, 4
07:00:05.526 Input peaks = -5, 4
07:00:15.570 Input peaks = -4, 5
07:00:25.632 Input peaks = -4, 6
07:00:35.687 Input peaks = -4, 5
07:00:45.787 Input peaks = -5, 5
07:00:55.845 Input peaks = -4, 4
07:01:05.891 Input peaks = -5, 5
07:01:15.924 Input peaks = -4, 5
07:01:25.993 Input peaks = -4, 4
07:01:36.048 Input peaks = -5, 5
07:01:46.129 Input peaks = -5, 4
07:01:56.208 Input peaks = -5, 5
07:02:06.292 Input peaks = -4, 5
07:02:16.350 Input peaks = -5, 5
07:02:26.415 Input peaks = -5, 4
07:02:36.487 Input peaks = -4, 5
07:02:46.533 Input peaks = -4, 5
07:02:56.615 Input peaks = -5, 4
07:03:06.714 Input peaks = -5, 5
07:03:16.790 Input peaks = -5, 5
07:03:26.833 Input peaks = -5, 5
07:03:36.892 Input peaks = -4, 5
07:03:46.957 Input peaks = -4, 5
