09:42:51.860
************************* ARQ session stats with G8BPQ-2  1 minutes ****************************
     LeaderDetects= 32   AvgLeader S+N:N(3KHz noise BW)= 0.231549 dB  LeaderSyncs= 32
     AvgCorrelationMax:MaxProd= 59.814011 over 32  correlations
     FrameSyncs=30  Good Frame Type Decodes=29  Failed Frame Type Decodes =1 Timeouts =11
     Avg Frame Type decode distance= 0.034526 over 29 decodes
 
  FSK:
     Good FSK Data Frame Decodes= 1  RecoveredFSKCarriers with Summation=0  Failed FSK Data Frame Decodes=0
     AccumFSKTracking= 0   over 64 symbols   Good Data Frame Decodes= 1   Failed Data Frame Decodes=0
 
  PSK:
     Good PSK Data Frame Decodes=1  RecoveredPSKCarriers with Summation=0  Failed PSK Data Frame Decodes=0
     AccumPSKTracking=0  0 attempts over 1720 total PSK Symbols
 
 
  QAM:
     Good QAM Data Frame Decodes=1  RecoveredQAMCarriers with Summation=0  Failed QAM Data Frame Decodes=0
     AccumQAMTracking=0  0 attempts over 3260 total QAM Symbols
 
  Squelch= 5 BusyDet= 5 Mode Shift UPs= 3   Mode Shift DOWNs= 0  Link Turnovers= 5
 
  Received Frame Quality:
     Avg 4FSK Quality=100 on 1 frame(s)
     Avg 4PSK Quality=98 on 1 frame(s)
     Avg QAM Quality=94 on 1 frame(s)

Type               ACKS  NAKS
4FSK.500.50.E         0     0
4FSK.1000.50.E        0     0
4PSKR.2500.50.E       1     0
4PSK.2500.50.E        1     0
16QAMR.2500.100.E     1     0
16QAM.2500.100.E      3     0
************************************************************************************************
09:44:41.092
************************* ARQ session stats with G8BPQ-10  1 minutes ****************************
     LeaderDetects= 33   AvgLeader S+N:N(3KHz noise BW)= 1.204753 dB  LeaderSyncs= 33
     AvgCorrelationMax:MaxProd= 59.995232 over 33  correlations
     FrameSyncs=33  Good Frame Type Decodes=33  Failed Frame Type Decodes =0 Timeouts =0
     Avg Frame Type decode distance= 0.000052 over 31 decodes
 
  PSK:
     Good PSK Data Frame Decodes=1  RecoveredPSKCarriers with Summation=0  Failed PSK Data Frame Decodes=0
     AccumPSKTracking=0  0 attempts over 1720 total PSK Symbols
 
 
  QAM:
     Good QAM Data Frame Decodes=4  RecoveredQAMCarriers with Summation=0  Failed QAM Data Frame Decodes=0
     AccumQAMTracking=0  0 attempts over 13040 total QAM Symbols
 
  Squelch= 5 BusyDet= 5 Mode Shift UPs= 2   Mode Shift DOWNs= 0  Link Turnovers= 5
 
  Received Frame Quality:
     Avg 4PSK Quality=98 on 1 frame(s)
     Avg QAM Quality=92 on 4 frame(s)

Type               ACKS  NAKS
4FSK.500.50.E         0     0
4FSK.1000.50.E        0     0
4PSKR.2500.50.E       1     0
4PSK.2500.50.E        1     0
16QAMR.2500.100.E     0     0
16QAM.2500.100.E      0     0
************************************************************************************************
